c ids of vtree nodes start at 0
c ids of variables start at 1
c vtree nodes appear bottom-up, children before parents
c
c file syntax:
c vtree number-of-nodes-in-vtree
c L id-of-leaf-vtree-node id-of-variable
c I id-of-internal-vtree-node id-of-left-child id-of-right-child
c
vtree 3519
L 0 1
L 2 2
I 1 0 2
L 4 81
L 6 82
I 5 4 6
L 8 9
L 10 10
I 9 8 10
L 12 89
L 14 90
I 13 12 14
L 16 5
L 18 6
I 17 16 18
L 20 85
L 22 86
I 21 20 22
L 24 3
L 26 4
I 25 24 26
L 28 83
L 30 84
I 29 28 30
L 32 17
L 34 18
I 33 32 34
L 36 97
L 38 98
I 37 36 38
L 40 103
L 42 104
I 41 40 42
L 44 93
L 46 94
I 45 44 46
L 48 105
L 50 106
I 49 48 50
L 52 91
L 54 92
I 53 52 54
L 56 87
L 58 88
I 57 56 58
L 60 99
L 62 100
I 61 60 62
L 64 101
L 66 102
I 65 64 66
L 68 107
L 70 108
I 69 68 70
L 72 115
L 74 116
I 73 72 74
L 76 95
L 78 96
I 77 76 78
L 80 113
L 82 114
I 81 80 82
L 84 119
L 86 120
I 85 84 86
L 88 117
L 90 118
I 89 88 90
L 92 111
L 94 112
I 93 92 94
L 96 109
L 98 110
I 97 96 98
L 100 145
L 102 146
I 101 100 102
L 104 449
L 106 450
I 105 104 106
L 108 451
L 110 452
I 109 108 110
I 107 105 109
L 112 769
L 114 770
I 113 112 114
L 116 771
L 118 772
I 117 116 118
I 115 113 117
L 120 1089
L 122 1090
I 121 120 122
L 124 1091
L 126 1092
I 125 124 126
I 123 121 125
L 128 1249
L 130 1250
I 129 128 130
L 132 1251
L 134 1252
I 133 132 134
I 131 129 133
L 136 1409
L 138 1410
I 137 136 138
L 140 1411
L 142 1412
I 141 140 142
I 139 137 141
I 135 131 139
I 127 123 135
I 119 115 127
I 111 107 119
I 103 101 111
L 144 289
L 146 290
I 145 144 146
L 148 291
L 150 292
I 149 148 150
I 147 145 149
L 152 609
L 154 610
I 153 152 154
L 156 611
L 158 612
I 157 156 158
I 155 153 157
L 160 929
L 162 930
I 161 160 162
L 164 931
L 166 932
I 165 164 166
I 163 161 165
L 168 1489
L 170 1490
I 169 168 170
L 172 1491
L 174 1492
I 173 172 174
I 171 169 173
L 176 1569
L 178 1570
I 177 176 178
L 180 1571
L 182 1572
I 181 180 182
I 179 177 181
I 175 171 179
I 167 163 175
I 159 155 167
I 151 147 159
I 143 103 151
I 99 97 143
L 184 65
L 186 66
I 185 184 186
L 188 369
L 190 370
I 189 188 190
L 192 371
L 194 372
I 193 192 194
I 191 189 193
L 196 689
L 198 690
I 197 196 198
L 200 691
L 202 692
I 201 200 202
I 199 197 201
L 204 1009
L 206 1010
I 205 204 206
L 208 1011
L 210 1012
I 209 208 210
I 207 205 209
L 212 1169
L 214 1170
I 213 212 214
L 216 1171
L 218 1172
I 217 216 218
I 215 213 217
L 220 1329
L 222 1330
I 221 220 222
L 224 1331
L 226 1332
I 225 224 226
I 223 221 225
I 219 215 223
I 211 207 219
I 203 199 211
I 195 191 203
I 187 185 195
L 228 209
L 230 210
I 229 228 230
L 232 211
L 234 212
I 233 232 234
I 231 229 233
L 236 529
L 238 530
I 237 236 238
L 240 531
L 242 532
I 241 240 242
I 239 237 241
L 244 849
L 246 850
I 245 244 246
L 248 851
L 250 852
I 249 248 250
I 247 245 249
L 252 1649
L 254 1650
I 253 252 254
L 256 1651
L 258 1652
I 257 256 258
I 255 253 257
L 260 1729
L 262 1730
I 261 260 262
L 264 1731
L 266 1732
I 265 264 266
I 263 261 265
I 259 255 263
I 251 247 259
I 243 239 251
I 235 231 243
I 227 187 235
I 183 99 227
I 95 93 183
I 91 89 95
I 87 85 91
I 83 81 87
I 79 77 83
I 75 73 79
I 71 69 75
I 67 65 71
I 63 61 67
I 59 57 63
I 55 53 59
I 51 49 55
I 47 45 51
I 43 41 47
L 268 23
L 270 24
I 269 268 270
L 272 13
L 274 14
I 273 272 274
L 276 25
L 278 26
I 277 276 278
L 280 11
L 282 12
I 281 280 282
L 284 7
L 286 8
I 285 284 286
L 288 19
L 290 20
I 289 288 290
L 292 21
L 294 22
I 293 292 294
L 296 27
L 298 28
I 297 296 298
L 300 35
L 302 36
I 301 300 302
L 304 15
L 306 16
I 305 304 306
L 308 33
L 310 34
I 309 308 310
L 312 39
L 314 40
I 313 312 314
L 316 37
L 318 38
I 317 316 318
L 320 31
L 322 32
I 321 320 322
L 324 121
L 326 122
I 325 324 326
L 328 401
L 330 402
I 329 328 330
L 332 403
L 334 404
I 333 332 334
I 331 329 333
L 336 721
L 338 722
I 337 336 338
L 340 723
L 342 724
I 341 340 342
I 339 337 341
L 344 1041
L 346 1042
I 345 344 346
L 348 1043
L 350 1044
I 349 348 350
I 347 345 349
L 352 1201
L 354 1202
I 353 352 354
L 356 1203
L 358 1204
I 357 356 358
I 355 353 357
L 360 1361
L 362 1362
I 361 360 362
L 364 1363
L 366 1364
I 365 364 366
I 363 361 365
I 359 355 363
I 351 347 359
I 343 339 351
I 335 331 343
I 327 325 335
L 368 241
L 370 242
I 369 368 370
L 372 243
L 374 244
I 373 372 374
I 371 369 373
L 376 561
L 378 562
I 377 376 378
L 380 563
L 382 564
I 381 380 382
I 379 377 381
L 384 881
L 386 882
I 385 384 386
L 388 883
L 390 884
I 389 388 390
I 387 385 389
L 392 1441
L 394 1442
I 393 392 394
L 396 1443
L 398 1444
I 397 396 398
I 395 393 397
L 400 1521
L 402 1522
I 401 400 402
L 404 1523
L 406 1524
I 405 404 406
I 403 401 405
I 399 395 403
I 391 387 399
I 383 379 391
I 375 371 383
I 367 327 375
L 408 41
L 410 42
I 409 408 410
L 412 321
L 414 322
I 413 412 414
L 416 323
L 418 324
I 417 416 418
I 415 413 417
L 420 641
L 422 642
I 421 420 422
L 424 643
L 426 644
I 425 424 426
I 423 421 425
L 428 961
L 430 962
I 429 428 430
L 432 963
L 434 964
I 433 432 434
I 431 429 433
L 436 1121
L 438 1122
I 437 436 438
L 440 1123
L 442 1124
I 441 440 442
I 439 437 441
L 444 1281
L 446 1282
I 445 444 446
L 448 1283
L 450 1284
I 449 448 450
I 447 445 449
I 443 439 447
I 435 431 443
I 427 423 435
I 419 415 427
I 411 409 419
L 452 161
L 454 162
I 453 452 454
L 456 163
L 458 164
I 457 456 458
I 455 453 457
L 460 481
L 462 482
I 461 460 462
L 464 483
L 466 484
I 465 464 466
I 463 461 465
L 468 801
L 470 802
I 469 468 470
L 472 803
L 474 804
I 473 472 474
I 471 469 473
L 476 1601
L 478 1602
I 477 476 478
L 480 1603
L 482 1604
I 481 480 482
I 479 477 481
L 484 1681
L 486 1682
I 485 484 486
L 488 1683
L 490 1684
I 489 488 490
I 487 485 489
I 483 479 487
I 475 471 483
I 467 463 475
I 459 455 467
I 451 411 459
I 407 367 451
L 492 29
L 494 30
I 493 492 494
L 496 127
L 498 128
I 497 496 498
L 500 413
L 502 414
I 501 500 502
L 504 415
L 506 416
I 505 504 506
I 503 501 505
L 508 733
L 510 734
I 509 508 510
L 512 735
L 514 736
I 513 512 514
I 511 509 513
L 516 1053
L 518 1054
I 517 516 518
L 520 1055
L 522 1056
I 521 520 522
I 519 517 521
L 524 1213
L 526 1214
I 525 524 526
L 528 1215
L 530 1216
I 529 528 530
I 527 525 529
L 532 1373
L 534 1374
I 533 532 534
L 536 1375
L 538 1376
I 537 536 538
I 535 533 537
I 531 527 535
I 523 519 531
I 515 511 523
I 507 503 515
I 499 497 507
L 540 253
L 542 254
I 541 540 542
L 544 255
L 546 256
I 545 544 546
I 543 541 545
L 548 573
L 550 574
I 549 548 550
L 552 575
L 554 576
I 553 552 554
I 551 549 553
L 556 893
L 558 894
I 557 556 558
L 560 895
L 562 896
I 561 560 562
I 559 557 561
L 564 1453
L 566 1454
I 565 564 566
L 568 1455
L 570 1456
I 569 568 570
I 567 565 569
L 572 1533
L 574 1534
I 573 572 574
L 576 1535
L 578 1536
I 577 576 578
I 575 573 577
I 571 567 575
I 563 559 571
I 555 551 563
I 547 543 555
I 539 499 547
L 580 47
L 582 48
I 581 580 582
L 584 333
L 586 334
I 585 584 586
L 588 335
L 590 336
I 589 588 590
I 587 585 589
L 592 653
L 594 654
I 593 592 594
L 596 655
L 598 656
I 597 596 598
I 595 593 597
L 600 973
L 602 974
I 601 600 602
L 604 975
L 606 976
I 605 604 606
I 603 601 605
L 608 1133
L 610 1134
I 609 608 610
L 612 1135
L 614 1136
I 613 612 614
I 611 609 613
L 616 1293
L 618 1294
I 617 616 618
L 620 1295
L 622 1296
I 621 620 622
I 619 617 621
I 615 611 619
I 607 603 615
I 599 595 607
I 591 587 599
I 583 581 591
L 624 173
L 626 174
I 625 624 626
L 628 175
L 630 176
I 629 628 630
I 627 625 629
L 632 493
L 634 494
I 633 632 634
L 636 495
L 638 496
I 637 636 638
I 635 633 637
L 640 813
L 642 814
I 641 640 642
L 644 815
L 646 816
I 645 644 646
I 643 641 645
L 648 1613
L 650 1614
I 649 648 650
L 652 1615
L 654 1616
I 653 652 654
I 651 649 653
L 656 1693
L 658 1694
I 657 656 658
L 660 1695
L 662 1696
I 661 660 662
I 659 657 661
I 655 651 659
I 647 643 655
I 639 635 647
I 631 627 639
I 623 583 631
I 579 539 623
L 664 129
L 666 130
I 665 664 666
L 668 417
L 670 418
I 669 668 670
L 672 419
L 674 420
I 673 672 674
I 671 669 673
L 676 737
L 678 738
I 677 676 678
L 680 739
L 682 740
I 681 680 682
I 679 677 681
L 684 1057
L 686 1058
I 685 684 686
L 688 1059
L 690 1060
I 689 688 690
I 687 685 689
L 692 1217
L 694 1218
I 693 692 694
L 696 1219
L 698 1220
I 697 696 698
I 695 693 697
L 700 1377
L 702 1378
I 701 700 702
L 704 1379
L 706 1380
I 705 704 706
I 703 701 705
I 699 695 703
I 691 687 699
I 683 679 691
I 675 671 683
I 667 665 675
L 708 257
L 710 258
I 709 708 710
L 712 259
L 714 260
I 713 712 714
I 711 709 713
L 716 577
L 718 578
I 717 716 718
L 720 579
L 722 580
I 721 720 722
I 719 717 721
L 724 897
L 726 898
I 725 724 726
L 728 899
L 730 900
I 729 728 730
I 727 725 729
L 732 1457
L 734 1458
I 733 732 734
L 736 1459
L 738 1460
I 737 736 738
I 735 733 737
L 740 1537
L 742 1538
I 741 740 742
L 744 1539
L 746 1540
I 745 744 746
I 743 741 745
I 739 735 743
I 731 727 739
I 723 719 731
I 715 711 723
I 707 667 715
L 748 49
L 750 50
I 749 748 750
L 752 337
L 754 338
I 753 752 754
L 756 339
L 758 340
I 757 756 758
I 755 753 757
L 760 657
L 762 658
I 761 760 762
L 764 659
L 766 660
I 765 764 766
I 763 761 765
L 768 977
L 770 978
I 769 768 770
L 772 979
L 774 980
I 773 772 774
I 771 769 773
L 776 1137
L 778 1138
I 777 776 778
L 780 1139
L 782 1140
I 781 780 782
I 779 777 781
L 784 1297
L 786 1298
I 785 784 786
L 788 1299
L 790 1300
I 789 788 790
I 787 785 789
I 783 779 787
I 775 771 783
I 767 763 775
I 759 755 767
I 751 749 759
L 792 177
L 794 178
I 793 792 794
L 796 179
L 798 180
I 797 796 798
I 795 793 797
L 800 497
L 802 498
I 801 800 802
L 804 499
L 806 500
I 805 804 806
I 803 801 805
L 808 817
L 810 818
I 809 808 810
L 812 819
L 814 820
I 813 812 814
I 811 809 813
L 816 1617
L 818 1618
I 817 816 818
L 820 1619
L 822 1620
I 821 820 822
I 819 817 821
L 824 1697
L 826 1698
I 825 824 826
L 828 1699
L 830 1700
I 829 828 830
I 827 825 829
I 823 819 827
I 815 811 823
I 807 803 815
I 799 795 807
I 791 751 799
I 747 707 791
L 832 131
L 834 132
I 833 832 834
L 836 421
L 838 422
I 837 836 838
L 840 423
L 842 424
I 841 840 842
I 839 837 841
L 844 741
L 846 742
I 845 844 846
L 848 743
L 850 744
I 849 848 850
I 847 845 849
L 852 1061
L 854 1062
I 853 852 854
L 856 1063
L 858 1064
I 857 856 858
I 855 853 857
L 860 1221
L 862 1222
I 861 860 862
L 864 1223
L 866 1224
I 865 864 866
I 863 861 865
L 868 1381
L 870 1382
I 869 868 870
L 872 1383
L 874 1384
I 873 872 874
I 871 869 873
I 867 863 871
I 859 855 867
I 851 847 859
I 843 839 851
I 835 833 843
L 876 261
L 878 262
I 877 876 878
L 880 263
L 882 264
I 881 880 882
I 879 877 881
L 884 581
L 886 582
I 885 884 886
L 888 583
L 890 584
I 889 888 890
I 887 885 889
L 892 901
L 894 902
I 893 892 894
L 896 903
L 898 904
I 897 896 898
I 895 893 897
L 900 1461
L 902 1462
I 901 900 902
L 904 1463
L 906 1464
I 905 904 906
I 903 901 905
L 908 1541
L 910 1542
I 909 908 910
L 912 1543
L 914 1544
I 913 912 914
I 911 909 913
I 907 903 911
I 899 895 907
I 891 887 899
I 883 879 891
I 875 835 883
L 916 51
L 918 52
I 917 916 918
L 920 341
L 922 342
I 921 920 922
L 924 343
L 926 344
I 925 924 926
I 923 921 925
L 928 661
L 930 662
I 929 928 930
L 932 663
L 934 664
I 933 932 934
I 931 929 933
L 936 981
L 938 982
I 937 936 938
L 940 983
L 942 984
I 941 940 942
I 939 937 941
L 944 1141
L 946 1142
I 945 944 946
L 948 1143
L 950 1144
I 949 948 950
I 947 945 949
L 952 1301
L 954 1302
I 953 952 954
L 956 1303
L 958 1304
I 957 956 958
I 955 953 957
I 951 947 955
I 943 939 951
I 935 931 943
I 927 923 935
I 919 917 927
L 960 181
L 962 182
I 961 960 962
L 964 183
L 966 184
I 965 964 966
I 963 961 965
L 968 501
L 970 502
I 969 968 970
L 972 503
L 974 504
I 973 972 974
I 971 969 973
L 976 821
L 978 822
I 977 976 978
L 980 823
L 982 824
I 981 980 982
I 979 977 981
L 984 1621
L 986 1622
I 985 984 986
L 988 1623
L 990 1624
I 989 988 990
I 987 985 989
L 992 1701
L 994 1702
I 993 992 994
L 996 1703
L 998 1704
I 997 996 998
I 995 993 997
I 991 987 995
I 983 979 991
I 975 971 983
I 967 963 975
I 959 919 967
I 915 875 959
L 1000 147
L 1002 148
I 1001 1000 1002
L 1004 453
L 1006 454
I 1005 1004 1006
L 1008 455
L 1010 456
I 1009 1008 1010
I 1007 1005 1009
L 1012 773
L 1014 774
I 1013 1012 1014
L 1016 775
L 1018 776
I 1017 1016 1018
I 1015 1013 1017
L 1020 1093
L 1022 1094
I 1021 1020 1022
L 1024 1095
L 1026 1096
I 1025 1024 1026
I 1023 1021 1025
L 1028 1253
L 1030 1254
I 1029 1028 1030
L 1032 1255
L 1034 1256
I 1033 1032 1034
I 1031 1029 1033
L 1036 1413
L 1038 1414
I 1037 1036 1038
L 1040 1415
L 1042 1416
I 1041 1040 1042
I 1039 1037 1041
I 1035 1031 1039
I 1027 1023 1035
I 1019 1015 1027
I 1011 1007 1019
I 1003 1001 1011
L 1044 293
L 1046 294
I 1045 1044 1046
L 1048 295
L 1050 296
I 1049 1048 1050
I 1047 1045 1049
L 1052 613
L 1054 614
I 1053 1052 1054
L 1056 615
L 1058 616
I 1057 1056 1058
I 1055 1053 1057
L 1060 933
L 1062 934
I 1061 1060 1062
L 1064 935
L 1066 936
I 1065 1064 1066
I 1063 1061 1065
L 1068 1493
L 1070 1494
I 1069 1068 1070
L 1072 1495
L 1074 1496
I 1073 1072 1074
I 1071 1069 1073
L 1076 1573
L 1078 1574
I 1077 1076 1078
L 1080 1575
L 1082 1576
I 1081 1080 1082
I 1079 1077 1081
I 1075 1071 1079
I 1067 1063 1075
I 1059 1055 1067
I 1051 1047 1059
I 1043 1003 1051
L 1084 67
L 1086 68
I 1085 1084 1086
L 1088 373
L 1090 374
I 1089 1088 1090
L 1092 375
L 1094 376
I 1093 1092 1094
I 1091 1089 1093
L 1096 693
L 1098 694
I 1097 1096 1098
L 1100 695
L 1102 696
I 1101 1100 1102
I 1099 1097 1101
L 1104 1013
L 1106 1014
I 1105 1104 1106
L 1108 1015
L 1110 1016
I 1109 1108 1110
I 1107 1105 1109
L 1112 1173
L 1114 1174
I 1113 1112 1114
L 1116 1175
L 1118 1176
I 1117 1116 1118
I 1115 1113 1117
L 1120 1333
L 1122 1334
I 1121 1120 1122
L 1124 1335
L 1126 1336
I 1125 1124 1126
I 1123 1121 1125
I 1119 1115 1123
I 1111 1107 1119
I 1103 1099 1111
I 1095 1091 1103
I 1087 1085 1095
L 1128 213
L 1130 214
I 1129 1128 1130
L 1132 215
L 1134 216
I 1133 1132 1134
I 1131 1129 1133
L 1136 533
L 1138 534
I 1137 1136 1138
L 1140 535
L 1142 536
I 1141 1140 1142
I 1139 1137 1141
L 1144 853
L 1146 854
I 1145 1144 1146
L 1148 855
L 1150 856
I 1149 1148 1150
I 1147 1145 1149
L 1152 1653
L 1154 1654
I 1153 1152 1154
L 1156 1655
L 1158 1656
I 1157 1156 1158
I 1155 1153 1157
L 1160 1733
L 1162 1734
I 1161 1160 1162
L 1164 1735
L 1166 1736
I 1165 1164 1166
I 1163 1161 1165
I 1159 1155 1163
I 1151 1147 1159
I 1143 1139 1151
I 1135 1131 1143
I 1127 1087 1135
I 1083 1043 1127
L 1168 137
L 1170 138
I 1169 1168 1170
L 1172 433
L 1174 434
I 1173 1172 1174
L 1176 435
L 1178 436
I 1177 1176 1178
I 1175 1173 1177
L 1180 753
L 1182 754
I 1181 1180 1182
L 1184 755
L 1186 756
I 1185 1184 1186
I 1183 1181 1185
L 1188 1073
L 1190 1074
I 1189 1188 1190
L 1192 1075
L 1194 1076
I 1193 1192 1194
I 1191 1189 1193
L 1196 1233
L 1198 1234
I 1197 1196 1198
L 1200 1235
L 1202 1236
I 1201 1200 1202
I 1199 1197 1201
L 1204 1393
L 1206 1394
I 1205 1204 1206
L 1208 1395
L 1210 1396
I 1209 1208 1210
I 1207 1205 1209
I 1203 1199 1207
I 1195 1191 1203
I 1187 1183 1195
I 1179 1175 1187
I 1171 1169 1179
L 1212 273
L 1214 274
I 1213 1212 1214
L 1216 275
L 1218 276
I 1217 1216 1218
I 1215 1213 1217
L 1220 593
L 1222 594
I 1221 1220 1222
L 1224 595
L 1226 596
I 1225 1224 1226
I 1223 1221 1225
L 1228 913
L 1230 914
I 1229 1228 1230
L 1232 915
L 1234 916
I 1233 1232 1234
I 1231 1229 1233
L 1236 1473
L 1238 1474
I 1237 1236 1238
L 1240 1475
L 1242 1476
I 1241 1240 1242
I 1239 1237 1241
L 1244 1553
L 1246 1554
I 1245 1244 1246
L 1248 1555
L 1250 1556
I 1249 1248 1250
I 1247 1245 1249
I 1243 1239 1247
I 1235 1231 1243
I 1227 1223 1235
I 1219 1215 1227
I 1211 1171 1219
L 1252 57
L 1254 58
I 1253 1252 1254
L 1256 353
L 1258 354
I 1257 1256 1258
L 1260 355
L 1262 356
I 1261 1260 1262
I 1259 1257 1261
L 1264 673
L 1266 674
I 1265 1264 1266
L 1268 675
L 1270 676
I 1269 1268 1270
I 1267 1265 1269
L 1272 993
L 1274 994
I 1273 1272 1274
L 1276 995
L 1278 996
I 1277 1276 1278
I 1275 1273 1277
L 1280 1153
L 1282 1154
I 1281 1280 1282
L 1284 1155
L 1286 1156
I 1285 1284 1286
I 1283 1281 1285
L 1288 1313
L 1290 1314
I 1289 1288 1290
L 1292 1315
L 1294 1316
I 1293 1292 1294
I 1291 1289 1293
I 1287 1283 1291
I 1279 1275 1287
I 1271 1267 1279
I 1263 1259 1271
I 1255 1253 1263
L 1296 193
L 1298 194
I 1297 1296 1298
L 1300 195
L 1302 196
I 1301 1300 1302
I 1299 1297 1301
L 1304 513
L 1306 514
I 1305 1304 1306
L 1308 515
L 1310 516
I 1309 1308 1310
I 1307 1305 1309
L 1312 833
L 1314 834
I 1313 1312 1314
L 1316 835
L 1318 836
I 1317 1316 1318
I 1315 1313 1317
L 1320 1633
L 1322 1634
I 1321 1320 1322
L 1324 1635
L 1326 1636
I 1325 1324 1326
I 1323 1321 1325
L 1328 1713
L 1330 1714
I 1329 1328 1330
L 1332 1715
L 1334 1716
I 1333 1332 1334
I 1331 1329 1333
I 1327 1323 1331
I 1319 1315 1327
I 1311 1307 1319
I 1303 1299 1311
I 1295 1255 1303
I 1251 1211 1295
L 1336 441
L 1338 442
I 1337 1336 1338
L 1340 443
L 1342 444
I 1341 1340 1342
I 1339 1337 1341
L 1344 761
L 1346 762
I 1345 1344 1346
L 1348 763
L 1350 764
I 1349 1348 1350
I 1347 1345 1349
L 1352 1081
L 1354 1082
I 1353 1352 1354
L 1356 1083
L 1358 1084
I 1357 1356 1358
I 1355 1353 1357
I 1351 1347 1355
I 1343 1339 1351
L 1360 141
L 1362 142
I 1361 1360 1362
L 1364 1241
L 1366 1242
I 1365 1364 1366
L 1368 1243
L 1370 1244
I 1369 1368 1370
I 1367 1365 1369
L 1372 1401
L 1374 1402
I 1373 1372 1374
L 1376 1403
L 1378 1404
I 1377 1376 1378
I 1375 1373 1377
I 1371 1367 1375
I 1363 1361 1371
I 1359 1343 1363
L 1380 281
L 1382 282
I 1381 1380 1382
L 1384 283
L 1386 284
I 1385 1384 1386
I 1383 1381 1385
L 1388 601
L 1390 602
I 1389 1388 1390
L 1392 603
L 1394 604
I 1393 1392 1394
I 1391 1389 1393
L 1396 921
L 1398 922
I 1397 1396 1398
L 1400 923
L 1402 924
I 1401 1400 1402
I 1399 1397 1401
I 1395 1391 1399
I 1387 1383 1395
L 1404 1481
L 1406 1482
I 1405 1404 1406
L 1408 1483
L 1410 1484
I 1409 1408 1410
I 1407 1405 1409
L 1412 1561
L 1414 1562
I 1413 1412 1414
L 1416 1563
L 1418 1564
I 1417 1416 1418
I 1415 1413 1417
I 1411 1407 1415
I 1403 1387 1411
I 1379 1359 1403
L 1420 361
L 1422 362
I 1421 1420 1422
L 1424 363
L 1426 364
I 1425 1424 1426
I 1423 1421 1425
L 1428 681
L 1430 682
I 1429 1428 1430
L 1432 683
L 1434 684
I 1433 1432 1434
I 1431 1429 1433
L 1436 1001
L 1438 1002
I 1437 1436 1438
L 1440 1003
L 1442 1004
I 1441 1440 1442
I 1439 1437 1441
I 1435 1431 1439
I 1427 1423 1435
L 1444 61
L 1446 62
I 1445 1444 1446
L 1448 1161
L 1450 1162
I 1449 1448 1450
L 1452 1163
L 1454 1164
I 1453 1452 1454
I 1451 1449 1453
L 1456 1321
L 1458 1322
I 1457 1456 1458
L 1460 1323
L 1462 1324
I 1461 1460 1462
I 1459 1457 1461
I 1455 1451 1459
I 1447 1445 1455
I 1443 1427 1447
L 1464 201
L 1466 202
I 1465 1464 1466
L 1468 203
L 1470 204
I 1469 1468 1470
I 1467 1465 1469
L 1472 521
L 1474 522
I 1473 1472 1474
L 1476 523
L 1478 524
I 1477 1476 1478
I 1475 1473 1477
L 1480 841
L 1482 842
I 1481 1480 1482
L 1484 843
L 1486 844
I 1485 1484 1486
I 1483 1481 1485
I 1479 1475 1483
I 1471 1467 1479
L 1488 1641
L 1490 1642
I 1489 1488 1490
L 1492 1643
L 1494 1644
I 1493 1492 1494
I 1491 1489 1493
L 1496 1721
L 1498 1722
I 1497 1496 1498
L 1500 1723
L 1502 1724
I 1501 1500 1502
I 1499 1497 1501
I 1495 1491 1499
I 1487 1471 1495
I 1463 1443 1487
I 1419 1379 1463
L 1504 461
L 1506 462
I 1505 1504 1506
L 1508 463
L 1510 464
I 1509 1508 1510
I 1507 1505 1509
L 1512 781
L 1514 782
I 1513 1512 1514
L 1516 783
L 1518 784
I 1517 1516 1518
I 1515 1513 1517
L 1520 1101
L 1522 1102
I 1521 1520 1522
L 1524 1103
L 1526 1104
I 1525 1524 1526
I 1523 1521 1525
I 1519 1515 1523
I 1511 1507 1519
L 1528 151
L 1530 152
I 1529 1528 1530
L 1532 1261
L 1534 1262
I 1533 1532 1534
L 1536 1263
L 1538 1264
I 1537 1536 1538
I 1535 1533 1537
L 1540 1421
L 1542 1422
I 1541 1540 1542
L 1544 1423
L 1546 1424
I 1545 1544 1546
I 1543 1541 1545
I 1539 1535 1543
I 1531 1529 1539
I 1527 1511 1531
L 1548 301
L 1550 302
I 1549 1548 1550
L 1552 303
L 1554 304
I 1553 1552 1554
I 1551 1549 1553
L 1556 621
L 1558 622
I 1557 1556 1558
L 1560 623
L 1562 624
I 1561 1560 1562
I 1559 1557 1561
L 1564 941
L 1566 942
I 1565 1564 1566
L 1568 943
L 1570 944
I 1569 1568 1570
I 1567 1565 1569
I 1563 1559 1567
I 1555 1551 1563
L 1572 1501
L 1574 1502
I 1573 1572 1574
L 1576 1503
L 1578 1504
I 1577 1576 1578
I 1575 1573 1577
L 1580 1581
L 1582 1582
I 1581 1580 1582
L 1584 1583
L 1586 1584
I 1585 1584 1586
I 1583 1581 1585
I 1579 1575 1583
I 1571 1555 1579
I 1547 1527 1571
L 1588 381
L 1590 382
I 1589 1588 1590
L 1592 383
L 1594 384
I 1593 1592 1594
I 1591 1589 1593
L 1596 701
L 1598 702
I 1597 1596 1598
L 1600 703
L 1602 704
I 1601 1600 1602
I 1599 1597 1601
L 1604 1021
L 1606 1022
I 1605 1604 1606
L 1608 1023
L 1610 1024
I 1609 1608 1610
I 1607 1605 1609
I 1603 1599 1607
I 1595 1591 1603
L 1612 71
L 1614 72
I 1613 1612 1614
L 1616 1181
L 1618 1182
I 1617 1616 1618
L 1620 1183
L 1622 1184
I 1621 1620 1622
I 1619 1617 1621
L 1624 1341
L 1626 1342
I 1625 1624 1626
L 1628 1343
L 1630 1344
I 1629 1628 1630
I 1627 1625 1629
I 1623 1619 1627
I 1615 1613 1623
I 1611 1595 1615
L 1632 221
L 1634 222
I 1633 1632 1634
L 1636 223
L 1638 224
I 1637 1636 1638
I 1635 1633 1637
L 1640 541
L 1642 542
I 1641 1640 1642
L 1644 543
L 1646 544
I 1645 1644 1646
I 1643 1641 1645
L 1648 861
L 1650 862
I 1649 1648 1650
L 1652 863
L 1654 864
I 1653 1652 1654
I 1651 1649 1653
I 1647 1643 1651
I 1639 1635 1647
L 1656 1661
L 1658 1662
I 1657 1656 1658
L 1660 1663
L 1662 1664
I 1661 1660 1662
I 1659 1657 1661
L 1664 1741
L 1666 1742
I 1665 1664 1666
L 1668 1743
L 1670 1744
I 1669 1668 1670
I 1667 1665 1669
I 1663 1659 1667
I 1655 1639 1663
I 1631 1611 1655
I 1587 1547 1631
L 1672 445
L 1674 446
I 1673 1672 1674
L 1676 447
L 1678 448
I 1677 1676 1678
I 1675 1673 1677
L 1680 765
L 1682 766
I 1681 1680 1682
L 1684 767
L 1686 768
I 1685 1684 1686
I 1683 1681 1685
L 1688 1085
L 1690 1086
I 1689 1688 1690
L 1692 1087
L 1694 1088
I 1693 1692 1694
I 1691 1689 1693
I 1687 1683 1691
I 1679 1675 1687
L 1696 143
L 1698 144
I 1697 1696 1698
L 1700 1245
L 1702 1246
I 1701 1700 1702
L 1704 1247
L 1706 1248
I 1705 1704 1706
I 1703 1701 1705
L 1708 1405
L 1710 1406
I 1709 1708 1710
L 1712 1407
L 1714 1408
I 1713 1712 1714
I 1711 1709 1713
I 1707 1703 1711
I 1699 1697 1707
I 1695 1679 1699
L 1716 285
L 1718 286
I 1717 1716 1718
L 1720 287
L 1722 288
I 1721 1720 1722
I 1719 1717 1721
L 1724 605
L 1726 606
I 1725 1724 1726
L 1728 607
L 1730 608
I 1729 1728 1730
I 1727 1725 1729
L 1732 925
L 1734 926
I 1733 1732 1734
L 1736 927
L 1738 928
I 1737 1736 1738
I 1735 1733 1737
I 1731 1727 1735
I 1723 1719 1731
L 1740 1485
L 1742 1486
I 1741 1740 1742
L 1744 1487
L 1746 1488
I 1745 1744 1746
I 1743 1741 1745
L 1748 1565
L 1750 1566
I 1749 1748 1750
L 1752 1567
L 1754 1568
I 1753 1752 1754
I 1751 1749 1753
I 1747 1743 1751
I 1739 1723 1747
I 1715 1695 1739
L 1756 365
L 1758 366
I 1757 1756 1758
L 1760 367
L 1762 368
I 1761 1760 1762
I 1759 1757 1761
L 1764 685
L 1766 686
I 1765 1764 1766
L 1768 687
L 1770 688
I 1769 1768 1770
I 1767 1765 1769
L 1772 1005
L 1774 1006
I 1773 1772 1774
L 1776 1007
L 1778 1008
I 1777 1776 1778
I 1775 1773 1777
I 1771 1767 1775
I 1763 1759 1771
L 1780 63
L 1782 64
I 1781 1780 1782
L 1784 1165
L 1786 1166
I 1785 1784 1786
L 1788 1167
L 1790 1168
I 1789 1788 1790
I 1787 1785 1789
L 1792 1325
L 1794 1326
I 1793 1792 1794
L 1796 1327
L 1798 1328
I 1797 1796 1798
I 1795 1793 1797
I 1791 1787 1795
I 1783 1781 1791
I 1779 1763 1783
L 1800 205
L 1802 206
I 1801 1800 1802
L 1804 207
L 1806 208
I 1805 1804 1806
I 1803 1801 1805
L 1808 525
L 1810 526
I 1809 1808 1810
L 1812 527
L 1814 528
I 1813 1812 1814
I 1811 1809 1813
L 1816 845
L 1818 846
I 1817 1816 1818
L 1820 847
L 1822 848
I 1821 1820 1822
I 1819 1817 1821
I 1815 1811 1819
I 1807 1803 1815
L 1824 1645
L 1826 1646
I 1825 1824 1826
L 1828 1647
L 1830 1648
I 1829 1828 1830
I 1827 1825 1829
L 1832 1725
L 1834 1726
I 1833 1832 1834
L 1836 1727
L 1838 1728
I 1837 1836 1838
I 1835 1833 1837
I 1831 1827 1835
I 1823 1807 1831
I 1799 1779 1823
I 1755 1715 1799
L 1840 429
L 1842 430
I 1841 1840 1842
L 1844 431
L 1846 432
I 1845 1844 1846
I 1843 1841 1845
L 1848 749
L 1850 750
I 1849 1848 1850
L 1852 751
L 1854 752
I 1853 1852 1854
I 1851 1849 1853
L 1856 1069
L 1858 1070
I 1857 1856 1858
L 1860 1071
L 1862 1072
I 1861 1860 1862
I 1859 1857 1861
I 1855 1851 1859
I 1847 1843 1855
L 1864 135
L 1866 136
I 1865 1864 1866
L 1868 1229
L 1870 1230
I 1869 1868 1870
L 1872 1231
L 1874 1232
I 1873 1872 1874
I 1871 1869 1873
L 1876 1389
L 1878 1390
I 1877 1876 1878
L 1880 1391
L 1882 1392
I 1881 1880 1882
I 1879 1877 1881
I 1875 1871 1879
I 1867 1865 1875
I 1863 1847 1867
L 1884 269
L 1886 270
I 1885 1884 1886
L 1888 271
L 1890 272
I 1889 1888 1890
I 1887 1885 1889
L 1892 589
L 1894 590
I 1893 1892 1894
L 1896 591
L 1898 592
I 1897 1896 1898
I 1895 1893 1897
L 1900 909
L 1902 910
I 1901 1900 1902
L 1904 911
L 1906 912
I 1905 1904 1906
I 1903 1901 1905
I 1899 1895 1903
I 1891 1887 1899
L 1908 1469
L 1910 1470
I 1909 1908 1910
L 1912 1471
L 1914 1472
I 1913 1912 1914
I 1911 1909 1913
L 1916 1549
L 1918 1550
I 1917 1916 1918
L 1920 1551
L 1922 1552
I 1921 1920 1922
I 1919 1917 1921
I 1915 1911 1919
I 1907 1891 1915
I 1883 1863 1907
L 1924 349
L 1926 350
I 1925 1924 1926
L 1928 351
L 1930 352
I 1929 1928 1930
I 1927 1925 1929
L 1932 669
L 1934 670
I 1933 1932 1934
L 1936 671
L 1938 672
I 1937 1936 1938
I 1935 1933 1937
L 1940 989
L 1942 990
I 1941 1940 1942
L 1944 991
L 1946 992
I 1945 1944 1946
I 1943 1941 1945
I 1939 1935 1943
I 1931 1927 1939
L 1948 55
L 1950 56
I 1949 1948 1950
L 1952 1149
L 1954 1150
I 1953 1952 1954
L 1956 1151
L 1958 1152
I 1957 1956 1958
I 1955 1953 1957
L 1960 1309
L 1962 1310
I 1961 1960 1962
L 1964 1311
L 1966 1312
I 1965 1964 1966
I 1963 1961 1965
I 1959 1955 1963
I 1951 1949 1959
I 1947 1931 1951
L 1968 189
L 1970 190
I 1969 1968 1970
L 1972 191
L 1974 192
I 1973 1972 1974
I 1971 1969 1973
L 1976 509
L 1978 510
I 1977 1976 1978
L 1980 511
L 1982 512
I 1981 1980 1982
I 1979 1977 1981
L 1984 829
L 1986 830
I 1985 1984 1986
L 1988 831
L 1990 832
I 1989 1988 1990
I 1987 1985 1989
I 1983 1979 1987
I 1975 1971 1983
L 1992 1629
L 1994 1630
I 1993 1992 1994
L 1996 1631
L 1998 1632
I 1997 1996 1998
I 1995 1993 1997
L 2000 1709
L 2002 1710
I 2001 2000 2002
L 2004 1711
L 2006 1712
I 2005 2004 2006
I 2003 2001 2005
I 1999 1995 2003
I 1991 1975 1999
I 1967 1947 1991
I 1923 1883 1967
L 2008 457
L 2010 458
I 2009 2008 2010
L 2012 459
L 2014 460
I 2013 2012 2014
I 2011 2009 2013
L 2016 777
L 2018 778
I 2017 2016 2018
L 2020 779
L 2022 780
I 2021 2020 2022
I 2019 2017 2021
L 2024 1097
L 2026 1098
I 2025 2024 2026
L 2028 1099
L 2030 1100
I 2029 2028 2030
I 2027 2025 2029
I 2023 2019 2027
I 2015 2011 2023
L 2032 149
L 2034 150
I 2033 2032 2034
L 2036 1257
L 2038 1258
I 2037 2036 2038
L 2040 1259
L 2042 1260
I 2041 2040 2042
I 2039 2037 2041
L 2044 1417
L 2046 1418
I 2045 2044 2046
L 2048 1419
L 2050 1420
I 2049 2048 2050
I 2047 2045 2049
I 2043 2039 2047
I 2035 2033 2043
I 2031 2015 2035
L 2052 297
L 2054 298
I 2053 2052 2054
L 2056 299
L 2058 300
I 2057 2056 2058
I 2055 2053 2057
L 2060 617
L 2062 618
I 2061 2060 2062
L 2064 619
L 2066 620
I 2065 2064 2066
I 2063 2061 2065
L 2068 937
L 2070 938
I 2069 2068 2070
L 2072 939
L 2074 940
I 2073 2072 2074
I 2071 2069 2073
I 2067 2063 2071
I 2059 2055 2067
L 2076 1497
L 2078 1498
I 2077 2076 2078
L 2080 1499
L 2082 1500
I 2081 2080 2082
I 2079 2077 2081
L 2084 1577
L 2086 1578
I 2085 2084 2086
L 2088 1579
L 2090 1580
I 2089 2088 2090
I 2087 2085 2089
I 2083 2079 2087
I 2075 2059 2083
I 2051 2031 2075
L 2092 377
L 2094 378
I 2093 2092 2094
L 2096 379
L 2098 380
I 2097 2096 2098
I 2095 2093 2097
L 2100 697
L 2102 698
I 2101 2100 2102
L 2104 699
L 2106 700
I 2105 2104 2106
I 2103 2101 2105
L 2108 1017
L 2110 1018
I 2109 2108 2110
L 2112 1019
L 2114 1020
I 2113 2112 2114
I 2111 2109 2113
I 2107 2103 2111
I 2099 2095 2107
L 2116 69
L 2118 70
I 2117 2116 2118
L 2120 1177
L 2122 1178
I 2121 2120 2122
L 2124 1179
L 2126 1180
I 2125 2124 2126
I 2123 2121 2125
L 2128 1337
L 2130 1338
I 2129 2128 2130
L 2132 1339
L 2134 1340
I 2133 2132 2134
I 2131 2129 2133
I 2127 2123 2131
I 2119 2117 2127
I 2115 2099 2119
L 2136 217
L 2138 218
I 2137 2136 2138
L 2140 219
L 2142 220
I 2141 2140 2142
I 2139 2137 2141
L 2144 537
L 2146 538
I 2145 2144 2146
L 2148 539
L 2150 540
I 2149 2148 2150
I 2147 2145 2149
L 2152 857
L 2154 858
I 2153 2152 2154
L 2156 859
L 2158 860
I 2157 2156 2158
I 2155 2153 2157
I 2151 2147 2155
I 2143 2139 2151
L 2160 1657
L 2162 1658
I 2161 2160 2162
L 2164 1659
L 2166 1660
I 2165 2164 2166
I 2163 2161 2165
L 2168 1737
L 2170 1738
I 2169 2168 2170
L 2172 1739
L 2174 1740
I 2173 2172 2174
I 2171 2169 2173
I 2167 2163 2171
I 2159 2143 2167
I 2135 2115 2159
I 2091 2051 2135
L 2176 477
L 2178 478
I 2177 2176 2178
L 2180 479
L 2182 480
I 2181 2180 2182
I 2179 2177 2181
L 2184 797
L 2186 798
I 2185 2184 2186
L 2188 799
L 2190 800
I 2189 2188 2190
I 2187 2185 2189
L 2192 1117
L 2194 1118
I 2193 2192 2194
L 2196 1119
L 2198 1120
I 2197 2196 2198
I 2195 2193 2197
I 2191 2187 2195
I 2183 2179 2191
L 2200 159
L 2202 160
I 2201 2200 2202
L 2204 1277
L 2206 1278
I 2205 2204 2206
L 2208 1279
L 2210 1280
I 2209 2208 2210
I 2207 2205 2209
I 2203 2201 2207
L 2212 1437
L 2214 1438
I 2213 2212 2214
L 2216 1439
L 2218 1440
I 2217 2216 2218
I 2215 2213 2217
I 2211 2203 2215
I 2199 2183 2211
L 2220 317
L 2222 318
I 2221 2220 2222
L 2224 319
L 2226 320
I 2225 2224 2226
I 2223 2221 2225
L 2228 637
L 2230 638
I 2229 2228 2230
L 2232 639
L 2234 640
I 2233 2232 2234
I 2231 2229 2233
L 2236 957
L 2238 958
I 2237 2236 2238
L 2240 959
L 2242 960
I 2241 2240 2242
I 2239 2237 2241
I 2235 2231 2239
I 2227 2223 2235
L 2244 1517
L 2246 1518
I 2245 2244 2246
L 2248 1519
L 2250 1520
I 2249 2248 2250
I 2247 2245 2249
L 2252 1597
L 2254 1598
I 2253 2252 2254
L 2256 1599
L 2258 1600
I 2257 2256 2258
I 2255 2253 2257
I 2251 2247 2255
I 2243 2227 2251
I 2219 2199 2243
L 2260 397
L 2262 398
I 2261 2260 2262
L 2264 399
L 2266 400
I 2265 2264 2266
I 2263 2261 2265
L 2268 717
L 2270 718
I 2269 2268 2270
L 2272 719
L 2274 720
I 2273 2272 2274
I 2271 2269 2273
L 2276 1037
L 2278 1038
I 2277 2276 2278
L 2280 1039
L 2282 1040
I 2281 2280 2282
I 2279 2277 2281
I 2275 2271 2279
I 2267 2263 2275
L 2284 79
L 2286 80
I 2285 2284 2286
L 2288 1197
L 2290 1198
I 2289 2288 2290
L 2292 1199
L 2294 1200
I 2293 2292 2294
I 2291 2289 2293
I 2287 2285 2291
L 2296 1357
L 2298 1358
I 2297 2296 2298
L 2300 1359
L 2302 1360
I 2301 2300 2302
I 2299 2297 2301
I 2295 2287 2299
I 2283 2267 2295
L 2304 237
L 2306 238
I 2305 2304 2306
L 2308 239
L 2310 240
I 2309 2308 2310
I 2307 2305 2309
L 2312 557
L 2314 558
I 2313 2312 2314
L 2316 559
L 2318 560
I 2317 2316 2318
I 2315 2313 2317
L 2320 877
L 2322 878
I 2321 2320 2322
L 2324 879
L 2326 880
I 2325 2324 2326
I 2323 2321 2325
I 2319 2315 2323
I 2311 2307 2319
L 2328 1677
L 2330 1678
I 2329 2328 2330
L 2332 1679
L 2334 1680
I 2333 2332 2334
I 2331 2329 2333
L 2336 1757
L 2338 1758
I 2337 2336 2338
L 2340 1759
L 2342 1760
I 2341 2340 2342
I 2339 2337 2341
I 2335 2331 2339
I 2327 2311 2335
I 2303 2283 2327
I 2259 2219 2303
L 2344 405
L 2346 406
I 2345 2344 2346
L 2348 407
L 2350 408
I 2349 2348 2350
I 2347 2345 2349
L 2352 725
L 2354 726
I 2353 2352 2354
L 2356 727
L 2358 728
I 2357 2356 2358
I 2355 2353 2357
L 2360 1045
L 2362 1046
I 2361 2360 2362
L 2364 1047
L 2366 1048
I 2365 2364 2366
I 2363 2361 2365
I 2359 2355 2363
I 2351 2347 2359
L 2368 123
L 2370 124
I 2369 2368 2370
L 2372 1205
L 2374 1206
I 2373 2372 2374
L 2376 1207
L 2378 1208
I 2377 2376 2378
I 2375 2373 2377
I 2371 2369 2375
L 2380 1365
L 2382 1366
I 2381 2380 2382
L 2384 1367
L 2386 1368
I 2385 2384 2386
I 2383 2381 2385
I 2379 2371 2383
I 2367 2351 2379
L 2388 245
L 2390 246
I 2389 2388 2390
L 2392 247
L 2394 248
I 2393 2392 2394
I 2391 2389 2393
L 2396 565
L 2398 566
I 2397 2396 2398
L 2400 567
L 2402 568
I 2401 2400 2402
I 2399 2397 2401
L 2404 885
L 2406 886
I 2405 2404 2406
L 2408 887
L 2410 888
I 2409 2408 2410
I 2407 2405 2409
I 2403 2399 2407
I 2395 2391 2403
L 2412 1445
L 2414 1446
I 2413 2412 2414
L 2416 1447
L 2418 1448
I 2417 2416 2418
I 2415 2413 2417
L 2420 1525
L 2422 1526
I 2421 2420 2422
L 2424 1527
L 2426 1528
I 2425 2424 2426
I 2423 2421 2425
I 2419 2415 2423
I 2411 2395 2419
I 2387 2367 2411
L 2428 325
L 2430 326
I 2429 2428 2430
L 2432 327
L 2434 328
I 2433 2432 2434
I 2431 2429 2433
L 2436 645
L 2438 646
I 2437 2436 2438
L 2440 647
L 2442 648
I 2441 2440 2442
I 2439 2437 2441
L 2444 965
L 2446 966
I 2445 2444 2446
L 2448 967
L 2450 968
I 2449 2448 2450
I 2447 2445 2449
I 2443 2439 2447
I 2435 2431 2443
L 2452 43
L 2454 44
I 2453 2452 2454
L 2456 1125
L 2458 1126
I 2457 2456 2458
L 2460 1127
L 2462 1128
I 2461 2460 2462
I 2459 2457 2461
I 2455 2453 2459
L 2464 1285
L 2466 1286
I 2465 2464 2466
L 2468 1287
L 2470 1288
I 2469 2468 2470
I 2467 2465 2469
I 2463 2455 2467
I 2451 2435 2463
L 2472 165
L 2474 166
I 2473 2472 2474
L 2476 167
L 2478 168
I 2477 2476 2478
I 2475 2473 2477
L 2480 485
L 2482 486
I 2481 2480 2482
L 2484 487
L 2486 488
I 2485 2484 2486
I 2483 2481 2485
L 2488 805
L 2490 806
I 2489 2488 2490
L 2492 807
L 2494 808
I 2493 2492 2494
I 2491 2489 2493
I 2487 2483 2491
I 2479 2475 2487
L 2496 1605
L 2498 1606
I 2497 2496 2498
L 2500 1607
L 2502 1608
I 2501 2500 2502
I 2499 2497 2501
L 2504 1685
L 2506 1686
I 2505 2504 2506
L 2508 1687
L 2510 1688
I 2509 2508 2510
I 2507 2505 2509
I 2503 2499 2507
I 2495 2479 2503
I 2471 2451 2495
I 2427 2387 2471
L 2512 409
L 2514 410
I 2513 2512 2514
L 2516 411
L 2518 412
I 2517 2516 2518
I 2515 2513 2517
L 2520 729
L 2522 730
I 2521 2520 2522
L 2524 731
L 2526 732
I 2525 2524 2526
I 2523 2521 2525
L 2528 1049
L 2530 1050
I 2529 2528 2530
L 2532 1051
L 2534 1052
I 2533 2532 2534
I 2531 2529 2533
I 2527 2523 2531
I 2519 2515 2527
L 2536 125
L 2538 126
I 2537 2536 2538
L 2540 1209
L 2542 1210
I 2541 2540 2542
L 2544 1211
L 2546 1212
I 2545 2544 2546
I 2543 2541 2545
I 2539 2537 2543
L 2548 1369
L 2550 1370
I 2549 2548 2550
L 2552 1371
L 2554 1372
I 2553 2552 2554
I 2551 2549 2553
I 2547 2539 2551
I 2535 2519 2547
L 2556 249
L 2558 250
I 2557 2556 2558
L 2560 251
L 2562 252
I 2561 2560 2562
I 2559 2557 2561
L 2564 569
L 2566 570
I 2565 2564 2566
L 2568 571
L 2570 572
I 2569 2568 2570
I 2567 2565 2569
L 2572 889
L 2574 890
I 2573 2572 2574
L 2576 891
L 2578 892
I 2577 2576 2578
I 2575 2573 2577
I 2571 2567 2575
I 2563 2559 2571
L 2580 1449
L 2582 1450
I 2581 2580 2582
L 2584 1451
L 2586 1452
I 2585 2584 2586
I 2583 2581 2585
L 2588 1529
L 2590 1530
I 2589 2588 2590
L 2592 1531
L 2594 1532
I 2593 2592 2594
I 2591 2589 2593
I 2587 2583 2591
I 2579 2563 2587
I 2555 2535 2579
L 2596 329
L 2598 330
I 2597 2596 2598
L 2600 331
L 2602 332
I 2601 2600 2602
I 2599 2597 2601
L 2604 649
L 2606 650
I 2605 2604 2606
L 2608 651
L 2610 652
I 2609 2608 2610
I 2607 2605 2609
L 2612 969
L 2614 970
I 2613 2612 2614
L 2616 971
L 2618 972
I 2617 2616 2618
I 2615 2613 2617
I 2611 2607 2615
I 2603 2599 2611
L 2620 45
L 2622 46
I 2621 2620 2622
L 2624 1129
L 2626 1130
I 2625 2624 2626
L 2628 1131
L 2630 1132
I 2629 2628 2630
I 2627 2625 2629
I 2623 2621 2627
L 2632 1289
L 2634 1290
I 2633 2632 2634
L 2636 1291
L 2638 1292
I 2637 2636 2638
I 2635 2633 2637
I 2631 2623 2635
I 2619 2603 2631
L 2640 169
L 2642 170
I 2641 2640 2642
L 2644 171
L 2646 172
I 2645 2644 2646
I 2643 2641 2645
L 2648 489
L 2650 490
I 2649 2648 2650
L 2652 491
L 2654 492
I 2653 2652 2654
I 2651 2649 2653
L 2656 809
L 2658 810
I 2657 2656 2658
L 2660 811
L 2662 812
I 2661 2660 2662
I 2659 2657 2661
I 2655 2651 2659
I 2647 2643 2655
L 2664 1609
L 2666 1610
I 2665 2664 2666
L 2668 1611
L 2670 1612
I 2669 2668 2670
I 2667 2665 2669
L 2672 1689
L 2674 1690
I 2673 2672 2674
L 2676 1691
L 2678 1692
I 2677 2676 2678
I 2675 2673 2677
I 2671 2667 2675
I 2663 2647 2671
I 2639 2619 2663
I 2595 2555 2639
L 2680 473
L 2682 474
I 2681 2680 2682
L 2684 475
L 2686 476
I 2685 2684 2686
I 2683 2681 2685
L 2688 793
L 2690 794
I 2689 2688 2690
L 2692 795
L 2694 796
I 2693 2692 2694
I 2691 2689 2693
L 2696 1113
L 2698 1114
I 2697 2696 2698
L 2700 1115
L 2702 1116
I 2701 2700 2702
I 2699 2697 2701
I 2695 2691 2699
I 2687 2683 2695
L 2704 157
L 2706 158
I 2705 2704 2706
L 2708 1273
L 2710 1274
I 2709 2708 2710
L 2712 1275
L 2714 1276
I 2713 2712 2714
I 2711 2709 2713
I 2707 2705 2711
L 2716 1433
L 2718 1434
I 2717 2716 2718
L 2720 1435
L 2722 1436
I 2721 2720 2722
I 2719 2717 2721
I 2715 2707 2719
I 2703 2687 2715
L 2724 313
L 2726 314
I 2725 2724 2726
L 2728 315
L 2730 316
I 2729 2728 2730
I 2727 2725 2729
L 2732 633
L 2734 634
I 2733 2732 2734
L 2736 635
L 2738 636
I 2737 2736 2738
I 2735 2733 2737
L 2740 953
L 2742 954
I 2741 2740 2742
L 2744 955
L 2746 956
I 2745 2744 2746
I 2743 2741 2745
I 2739 2735 2743
I 2731 2727 2739
L 2748 1513
L 2750 1514
I 2749 2748 2750
L 2752 1515
L 2754 1516
I 2753 2752 2754
I 2751 2749 2753
L 2756 1593
L 2758 1594
I 2757 2756 2758
L 2760 1595
L 2762 1596
I 2761 2760 2762
I 2759 2757 2761
I 2755 2751 2759
I 2747 2731 2755
I 2723 2703 2747
L 2764 393
L 2766 394
I 2765 2764 2766
L 2768 395
L 2770 396
I 2769 2768 2770
I 2767 2765 2769
L 2772 713
L 2774 714
I 2773 2772 2774
L 2776 715
L 2778 716
I 2777 2776 2778
I 2775 2773 2777
L 2780 1033
L 2782 1034
I 2781 2780 2782
L 2784 1035
L 2786 1036
I 2785 2784 2786
I 2783 2781 2785
I 2779 2775 2783
I 2771 2767 2779
L 2788 77
L 2790 78
I 2789 2788 2790
L 2792 1193
L 2794 1194
I 2793 2792 2794
L 2796 1195
L 2798 1196
I 2797 2796 2798
I 2795 2793 2797
I 2791 2789 2795
L 2800 1353
L 2802 1354
I 2801 2800 2802
L 2804 1355
L 2806 1356
I 2805 2804 2806
I 2803 2801 2805
I 2799 2791 2803
I 2787 2771 2799
L 2808 233
L 2810 234
I 2809 2808 2810
L 2812 235
L 2814 236
I 2813 2812 2814
I 2811 2809 2813
L 2816 553
L 2818 554
I 2817 2816 2818
L 2820 555
L 2822 556
I 2821 2820 2822
I 2819 2817 2821
L 2824 873
L 2826 874
I 2825 2824 2826
L 2828 875
L 2830 876
I 2829 2828 2830
I 2827 2825 2829
I 2823 2819 2827
I 2815 2811 2823
L 2832 1673
L 2834 1674
I 2833 2832 2834
L 2836 1675
L 2838 1676
I 2837 2836 2838
I 2835 2833 2837
L 2840 1753
L 2842 1754
I 2841 2840 2842
L 2844 1755
L 2846 1756
I 2845 2844 2846
I 2843 2841 2845
I 2839 2835 2843
I 2831 2815 2839
I 2807 2787 2831
I 2763 2723 2807
L 2848 437
L 2850 438
I 2849 2848 2850
L 2852 439
L 2854 440
I 2853 2852 2854
I 2851 2849 2853
L 2856 757
L 2858 758
I 2857 2856 2858
L 2860 759
L 2862 760
I 2861 2860 2862
I 2859 2857 2861
L 2864 1077
L 2866 1078
I 2865 2864 2866
L 2868 1079
L 2870 1080
I 2869 2868 2870
I 2867 2865 2869
I 2863 2859 2867
I 2855 2851 2863
L 2872 139
L 2874 140
I 2873 2872 2874
L 2876 1237
L 2878 1238
I 2877 2876 2878
L 2880 1239
L 2882 1240
I 2881 2880 2882
I 2879 2877 2881
I 2875 2873 2879
L 2884 1397
L 2886 1398
I 2885 2884 2886
L 2888 1399
L 2890 1400
I 2889 2888 2890
I 2887 2885 2889
I 2883 2875 2887
I 2871 2855 2883
L 2892 277
L 2894 278
I 2893 2892 2894
L 2896 279
L 2898 280
I 2897 2896 2898
I 2895 2893 2897
L 2900 597
L 2902 598
I 2901 2900 2902
L 2904 599
L 2906 600
I 2905 2904 2906
I 2903 2901 2905
L 2908 917
L 2910 918
I 2909 2908 2910
L 2912 919
L 2914 920
I 2913 2912 2914
I 2911 2909 2913
I 2907 2903 2911
I 2899 2895 2907
L 2916 1477
L 2918 1478
I 2917 2916 2918
L 2920 1479
L 2922 1480
I 2921 2920 2922
I 2919 2917 2921
L 2924 1557
L 2926 1558
I 2925 2924 2926
L 2928 1559
L 2930 1560
I 2929 2928 2930
I 2927 2925 2929
I 2923 2919 2927
I 2915 2899 2923
I 2891 2871 2915
L 2932 357
L 2934 358
I 2933 2932 2934
L 2936 359
L 2938 360
I 2937 2936 2938
I 2935 2933 2937
L 2940 677
L 2942 678
I 2941 2940 2942
L 2944 679
L 2946 680
I 2945 2944 2946
I 2943 2941 2945
L 2948 997
L 2950 998
I 2949 2948 2950
L 2952 999
L 2954 1000
I 2953 2952 2954
I 2951 2949 2953
I 2947 2943 2951
I 2939 2935 2947
L 2956 59
L 2958 60
I 2957 2956 2958
L 2960 1157
L 2962 1158
I 2961 2960 2962
L 2964 1159
L 2966 1160
I 2965 2964 2966
I 2963 2961 2965
I 2959 2957 2963
L 2968 1317
L 2970 1318
I 2969 2968 2970
L 2972 1319
L 2974 1320
I 2973 2972 2974
I 2971 2969 2973
I 2967 2959 2971
I 2955 2939 2967
L 2976 197
L 2978 198
I 2977 2976 2978
L 2980 199
L 2982 200
I 2981 2980 2982
I 2979 2977 2981
L 2984 517
L 2986 518
I 2985 2984 2986
L 2988 519
L 2990 520
I 2989 2988 2990
I 2987 2985 2989
L 2992 837
L 2994 838
I 2993 2992 2994
L 2996 839
L 2998 840
I 2997 2996 2998
I 2995 2993 2997
I 2991 2987 2995
I 2983 2979 2991
L 3000 1637
L 3002 1638
I 3001 3000 3002
L 3004 1639
L 3006 1640
I 3005 3004 3006
I 3003 3001 3005
L 3008 1717
L 3010 1718
I 3009 3008 3010
L 3012 1719
L 3014 1720
I 3013 3012 3014
I 3011 3009 3013
I 3007 3003 3011
I 2999 2983 3007
I 2975 2955 2999
I 2931 2891 2975
L 3016 425
L 3018 426
I 3017 3016 3018
L 3020 427
L 3022 428
I 3021 3020 3022
I 3019 3017 3021
L 3024 745
L 3026 746
I 3025 3024 3026
L 3028 747
L 3030 748
I 3029 3028 3030
I 3027 3025 3029
L 3032 1065
L 3034 1066
I 3033 3032 3034
L 3036 1067
L 3038 1068
I 3037 3036 3038
I 3035 3033 3037
I 3031 3027 3035
I 3023 3019 3031
L 3040 133
L 3042 134
I 3041 3040 3042
L 3044 1225
L 3046 1226
I 3045 3044 3046
L 3048 1227
L 3050 1228
I 3049 3048 3050
I 3047 3045 3049
I 3043 3041 3047
L 3052 1385
L 3054 1386
I 3053 3052 3054
L 3056 1387
L 3058 1388
I 3057 3056 3058
I 3055 3053 3057
I 3051 3043 3055
I 3039 3023 3051
L 3060 265
L 3062 266
I 3061 3060 3062
L 3064 267
L 3066 268
I 3065 3064 3066
I 3063 3061 3065
L 3068 585
L 3070 586
I 3069 3068 3070
L 3072 587
L 3074 588
I 3073 3072 3074
I 3071 3069 3073
L 3076 905
L 3078 906
I 3077 3076 3078
L 3080 907
L 3082 908
I 3081 3080 3082
I 3079 3077 3081
I 3075 3071 3079
I 3067 3063 3075
L 3084 1465
L 3086 1466
I 3085 3084 3086
L 3088 1467
L 3090 1468
I 3089 3088 3090
I 3087 3085 3089
L 3092 1545
L 3094 1546
I 3093 3092 3094
L 3096 1547
L 3098 1548
I 3097 3096 3098
I 3095 3093 3097
I 3091 3087 3095
I 3083 3067 3091
I 3059 3039 3083
L 3100 345
L 3102 346
I 3101 3100 3102
L 3104 347
L 3106 348
I 3105 3104 3106
I 3103 3101 3105
L 3108 665
L 3110 666
I 3109 3108 3110
L 3112 667
L 3114 668
I 3113 3112 3114
I 3111 3109 3113
L 3116 985
L 3118 986
I 3117 3116 3118
L 3120 987
L 3122 988
I 3121 3120 3122
I 3119 3117 3121
I 3115 3111 3119
I 3107 3103 3115
L 3124 53
L 3126 54
I 3125 3124 3126
L 3128 1145
L 3130 1146
I 3129 3128 3130
L 3132 1147
L 3134 1148
I 3133 3132 3134
I 3131 3129 3133
I 3127 3125 3131
L 3136 1305
L 3138 1306
I 3137 3136 3138
L 3140 1307
L 3142 1308
I 3141 3140 3142
I 3139 3137 3141
I 3135 3127 3139
I 3123 3107 3135
L 3144 185
L 3146 186
I 3145 3144 3146
L 3148 187
L 3150 188
I 3149 3148 3150
I 3147 3145 3149
L 3152 505
L 3154 506
I 3153 3152 3154
L 3156 507
L 3158 508
I 3157 3156 3158
I 3155 3153 3157
L 3160 825
L 3162 826
I 3161 3160 3162
L 3164 827
L 3166 828
I 3165 3164 3166
I 3163 3161 3165
I 3159 3155 3163
I 3151 3147 3159
L 3168 1625
L 3170 1626
I 3169 3168 3170
L 3172 1627
L 3174 1628
I 3173 3172 3174
I 3171 3169 3173
L 3176 1705
L 3178 1706
I 3177 3176 3178
L 3180 1707
L 3182 1708
I 3181 3180 3182
I 3179 3177 3181
I 3175 3171 3179
I 3167 3151 3175
I 3143 3123 3167
I 3099 3059 3143
L 3184 469
L 3186 470
I 3185 3184 3186
L 3188 471
L 3190 472
I 3189 3188 3190
I 3187 3185 3189
L 3192 789
L 3194 790
I 3193 3192 3194
L 3196 791
L 3198 792
I 3197 3196 3198
I 3195 3193 3197
L 3200 1109
L 3202 1110
I 3201 3200 3202
L 3204 1111
L 3206 1112
I 3205 3204 3206
I 3203 3201 3205
I 3199 3195 3203
I 3191 3187 3199
L 3208 155
L 3210 156
I 3209 3208 3210
L 3212 1269
L 3214 1270
I 3213 3212 3214
L 3216 1271
L 3218 1272
I 3217 3216 3218
I 3215 3213 3217
I 3211 3209 3215
L 3220 1429
L 3222 1430
I 3221 3220 3222
L 3224 1431
L 3226 1432
I 3225 3224 3226
I 3223 3221 3225
I 3219 3211 3223
I 3207 3191 3219
L 3228 309
L 3230 310
I 3229 3228 3230
L 3232 311
L 3234 312
I 3233 3232 3234
I 3231 3229 3233
L 3236 629
L 3238 630
I 3237 3236 3238
L 3240 631
L 3242 632
I 3241 3240 3242
I 3239 3237 3241
L 3244 949
L 3246 950
I 3245 3244 3246
L 3248 951
L 3250 952
I 3249 3248 3250
I 3247 3245 3249
I 3243 3239 3247
I 3235 3231 3243
L 3252 1509
L 3254 1510
I 3253 3252 3254
L 3256 1511
L 3258 1512
I 3257 3256 3258
I 3255 3253 3257
L 3260 1589
L 3262 1590
I 3261 3260 3262
L 3264 1591
L 3266 1592
I 3265 3264 3266
I 3263 3261 3265
I 3259 3255 3263
I 3251 3235 3259
I 3227 3207 3251
L 3268 389
L 3270 390
I 3269 3268 3270
L 3272 391
L 3274 392
I 3273 3272 3274
I 3271 3269 3273
L 3276 709
L 3278 710
I 3277 3276 3278
L 3280 711
L 3282 712
I 3281 3280 3282
I 3279 3277 3281
L 3284 1029
L 3286 1030
I 3285 3284 3286
L 3288 1031
L 3290 1032
I 3289 3288 3290
I 3287 3285 3289
I 3283 3279 3287
I 3275 3271 3283
L 3292 75
L 3294 76
I 3293 3292 3294
L 3296 1189
L 3298 1190
I 3297 3296 3298
L 3300 1191
L 3302 1192
I 3301 3300 3302
I 3299 3297 3301
I 3295 3293 3299
L 3304 1349
L 3306 1350
I 3305 3304 3306
L 3308 1351
L 3310 1352
I 3309 3308 3310
I 3307 3305 3309
I 3303 3295 3307
I 3291 3275 3303
L 3312 229
L 3314 230
I 3313 3312 3314
L 3316 231
L 3318 232
I 3317 3316 3318
I 3315 3313 3317
L 3320 549
L 3322 550
I 3321 3320 3322
L 3324 551
L 3326 552
I 3325 3324 3326
I 3323 3321 3325
L 3328 869
L 3330 870
I 3329 3328 3330
L 3332 871
L 3334 872
I 3333 3332 3334
I 3331 3329 3333
I 3327 3323 3331
I 3319 3315 3327
L 3336 1669
L 3338 1670
I 3337 3336 3338
L 3340 1671
L 3342 1672
I 3341 3340 3342
I 3339 3337 3341
L 3344 1749
L 3346 1750
I 3345 3344 3346
L 3348 1751
L 3350 1752
I 3349 3348 3350
I 3347 3345 3349
I 3343 3339 3347
I 3335 3319 3343
I 3311 3291 3335
I 3267 3227 3311
L 3352 465
L 3354 466
I 3353 3352 3354
L 3356 467
L 3358 468
I 3357 3356 3358
I 3355 3353 3357
L 3360 785
L 3362 786
I 3361 3360 3362
L 3364 787
L 3366 788
I 3365 3364 3366
I 3363 3361 3365
L 3368 1105
L 3370 1106
I 3369 3368 3370
L 3372 1107
L 3374 1108
I 3373 3372 3374
I 3371 3369 3373
I 3367 3363 3371
I 3359 3355 3367
L 3376 153
L 3378 154
I 3377 3376 3378
L 3380 1265
L 3382 1266
I 3381 3380 3382
L 3384 1267
L 3386 1268
I 3385 3384 3386
I 3383 3381 3385
I 3379 3377 3383
L 3388 1425
L 3390 1426
I 3389 3388 3390
L 3392 1427
L 3394 1428
I 3393 3392 3394
I 3391 3389 3393
I 3387 3379 3391
I 3375 3359 3387
L 3396 305
L 3398 306
I 3397 3396 3398
L 3400 307
L 3402 308
I 3401 3400 3402
I 3399 3397 3401
L 3404 625
L 3406 626
I 3405 3404 3406
L 3408 627
L 3410 628
I 3409 3408 3410
I 3407 3405 3409
L 3412 945
L 3414 946
I 3413 3412 3414
L 3416 947
L 3418 948
I 3417 3416 3418
I 3415 3413 3417
I 3411 3407 3415
I 3403 3399 3411
L 3420 1505
L 3422 1506
I 3421 3420 3422
L 3424 1507
L 3426 1508
I 3425 3424 3426
I 3423 3421 3425
L 3428 1585
L 3430 1586
I 3429 3428 3430
L 3432 1587
L 3434 1588
I 3433 3432 3434
I 3431 3429 3433
I 3427 3423 3431
I 3419 3403 3427
I 3395 3375 3419
L 3436 385
L 3438 386
I 3437 3436 3438
L 3440 387
L 3442 388
I 3441 3440 3442
I 3439 3437 3441
L 3444 705
L 3446 706
I 3445 3444 3446
L 3448 707
L 3450 708
I 3449 3448 3450
I 3447 3445 3449
L 3452 1025
L 3454 1026
I 3453 3452 3454
L 3456 1027
L 3458 1028
I 3457 3456 3458
I 3455 3453 3457
I 3451 3447 3455
I 3443 3439 3451
L 3460 73
L 3462 74
I 3461 3460 3462
L 3464 1185
L 3466 1186
I 3465 3464 3466
L 3468 1187
L 3470 1188
I 3469 3468 3470
I 3467 3465 3469
I 3463 3461 3467
L 3472 1345
L 3474 1346
I 3473 3472 3474
L 3476 1347
L 3478 1348
I 3477 3476 3478
I 3475 3473 3477
I 3471 3463 3475
I 3459 3443 3471
L 3480 225
L 3482 226
I 3481 3480 3482
L 3484 227
L 3486 228
I 3485 3484 3486
I 3483 3481 3485
L 3488 545
L 3490 546
I 3489 3488 3490
L 3492 547
L 3494 548
I 3493 3492 3494
I 3491 3489 3493
L 3496 865
L 3498 866
I 3497 3496 3498
L 3500 867
L 3502 868
I 3501 3500 3502
I 3499 3497 3501
I 3495 3491 3499
I 3487 3483 3495
L 3504 1665
L 3506 1666
I 3505 3504 3506
L 3508 1667
L 3510 1668
I 3509 3508 3510
I 3507 3505 3509
L 3512 1745
L 3514 1746
I 3513 3512 3514
L 3516 1747
L 3518 1748
I 3517 3516 3518
I 3515 3513 3517
I 3511 3507 3515
I 3503 3487 3511
I 3479 3459 3503
I 3435 3395 3479
I 3351 3267 3435
I 3183 3099 3351
I 3015 2931 3183
I 2847 2763 3015
I 2679 2595 2847
I 2511 2427 2679
I 2343 2259 2511
I 2175 2091 2343
I 2007 1923 2175
I 1839 1755 2007
I 1671 1587 1839
I 1503 1419 1671
I 1335 1251 1503
I 1167 1083 1335
I 999 915 1167
I 831 747 999
I 663 579 831
I 495 493 663
I 491 407 495
I 323 321 491
I 319 317 323
I 315 313 319
I 311 309 315
I 307 305 311
I 303 301 307
I 299 297 303
I 295 293 299
I 291 289 295
I 287 285 291
I 283 281 287
I 279 277 283
I 275 273 279
I 271 269 275
I 267 43 271
I 39 37 267
I 35 33 39
I 31 29 35
I 27 25 31
I 23 21 27
I 19 17 23
I 15 13 19
I 11 9 15
I 7 5 11
I 3 1 7
